Build started 11/1/2012 10:10:07 PM.
     1>Project "C:\Users\David\Desktop\NANIMV1.2.1\NANIMV1.0.vcxproj" on node 2 (build target(s)).
     1>InitializeBuildStatus:
         Creating "Debug\NANIMV1.0.unsuccessfulbuild" because "AlwaysCreate" was specified.
       GenerateTargetFrameworkMonikerAttribute:
       Skipping target "GenerateTargetFrameworkMonikerAttribute" because all output files are up-to-date with respect to the input files.
       ClCompile:
         All outputs are up-to-date.
         c:\Program Files (x86)\Microsoft Visual Studio 10.0\VC\bin\CL.exe /c /AI"C:\Program Files (x86)\Reference Assemblies\Microsoft\Framework\.NETFramework\v4.0" /Zi /clr /nologo /W3 /WX- /Od /Oy- /D WIN32 /D _DEBUG /D _UNICODE /D UNICODE /EHa /MDd /GS /fp:precise /Zc:wchar_t /Zc:forScope /Yu"StdAfx.h" /Fp"Debug\NANIMV1.0.pch" /Fo"Debug\\" /Fd"Debug\vc100.pdb" /TP /FU"C:\Program Files (x86)\Reference Assemblies\Microsoft\Framework\.NETFramework\v4.0\System.Core.dll" /FU"C:\Program Files (x86)\Reference Assemblies\Microsoft\Framework\.NETFramework\v4.0\System.Data.dll" /FU"C:\Program Files (x86)\Reference Assemblies\Microsoft\Framework\.NETFramework\v4.0\System.dll" /FU"C:\Program Files (x86)\Reference Assemblies\Microsoft\Framework\.NETFramework\v4.0\System.Xml.dll" /analyze- /errorReport:prompt DWN_File.cpp /clr:nostdlib 
         DWN_File.cpp
         All outputs are up-to-date.
       ResourceCompile:
         All outputs are up-to-date.
       Link:
         c:\Program Files (x86)\Microsoft Visual Studio 10.0\VC\bin\link.exe /ERRORREPORT:PROMPT /OUT:"C:\Users\David\Desktop\NANIMV1.2.1\Debug\NANIMV1.0.exe" /INCREMENTAL /NOLOGO /MANIFEST /ManifestFile:"Debug\NANIMV1.0.exe.intermediate.manifest" /MANIFESTUAC:"level='asInvoker' uiAccess='false'" /DEBUG /PDB:"C:\Users\David\Desktop\NANIMV1.2.1\Debug\NANIMV1.0.pdb" /ASSEMBLYDEBUG /TLBID:1 /DYNAMICBASE /FIXED:NO /NXCOMPAT /MACHINE:X86 Debug\app.res
         Debug\AssemblyInfo.obj
         Debug\DWN_atom.obj
         Debug\DWN_atomcoll.obj
         Debug\DWN_compo.obj
         Debug\DWN_cryst.obj
         Debug\DWN_File.obj
         Debug\DWN_MD.obj
         Debug\DWN_molecule.obj
         Debug\DWN_nanop.obj
         Debug\DWN_nanos.obj
         Debug\DWN_prog.obj
         Debug\DWN_scope.obj
         Debug\DWN_utilityc.obj
         Debug\DWN_utilityd.obj
         Debug\DWN_utilitym.obj
         Debug\DWN_utilitys.obj
         Debug\NANIMV1.0.obj
         Debug\RandNum.obj
         Debug\stdafx.obj
         "Debug\.NETFramework,Version=v4.0.AssemblyAttributes.obj"
         NANIMV1.0.vcxproj -> C:\Users\David\Desktop\NANIMV1.2.1\Debug\NANIMV1.0.exe
       Manifest:
         C:\Program Files (x86)\Microsoft SDKs\Windows\v7.0A\bin\mt.exe /nologo /verbose /outputresource:"C:\Users\David\Desktop\NANIMV1.2.1\Debug\NANIMV1.0.exe;#1" /manifest Debug\NANIMV1.0.exe.intermediate.manifest
       FinalizeBuildStatus:
         Deleting file "Debug\NANIMV1.0.unsuccessfulbuild".
         Touching "Debug\NANIMV1.0.lastbuildstate".
     1>Done Building Project "C:\Users\David\Desktop\NANIMV1.2.1\NANIMV1.0.vcxproj" (build target(s)).

Build succeeded.

Time Elapsed 00:00:16.15
